     1                                          ;
     2                                          ; bootOS, an operating system in 512 bytes
     3                                          ;
     4                                          ; by Oscar Toledo G.
     5                                          ; http://nanochess.org/
     6                                          ;
     7                                          ; Creation date: Jul/21/2019. 6pm 10pm
     8                                          ; Revision date: Jul/22/2019. Optimization, corrections and comments.
     9                                          ; Revision date: Jul/31/2019. Added a service table and allows
    10                                          ;                             filenames/sources/targets from any segment.
    11                                          ;                             'del' command now shows errors.
    12                                          ;
    13                                  
    14                                          cpu 8086
    15                                  
    16                                          ;
    17                                          ; What is bootOS:
    18                                          ; 
    19                                          ;   bootOS is a monolithic operating system that fits in
    20                                          ;   one boot sector. It's able to load, execute, and save
    21                                          ;   programs. Also keeps a filesystem. It can work with
    22                                          ;   any floppy disk size starting at 180K.
    23                                          ; 
    24                                          ;   It relocates itself at 0000:7a00 and requires further
    25                                          ;   768 bytes of memory starting at 0000:7700.
    26                                          ; 
    27                                          ;   This operating system runs programs as boot sectors
    28                                          ;   at 0000:7c00. 
    29                                          ; 
    30                                          ;   It provides the following services:
    31                                          ;      int 0x20   Exit to operating system.
    32                                          ;      int 0x21   Input key and show in screen.
    33                                          ;                 Entry: none
    34                                          ;                 Output: AL = ASCII key pressed.
    35                                          ;                 Affects: AH/BX/BP.
    36                                          ;      int 0x22   Output character to screen.
    37                                          ;                 Entry: AL = Character.
    38                                          ;                 Output: none.
    39                                          ;                 Affects: AH/BX/BP.
    40                                          ;      int 0x23   Load file.
    41                                          ;                 Entry: DS:BX = Filename terminated with zero.
    42                                          ;                        ES:DI = Point to source data (512 bytes)
    43                                          ;                 Output: Carry flag = 0 = Found, 1 = Not found.
    44                                          ;                 Affects: All registers (including ES).
    45                                          ;      int 0x24   Save file.
    46                                          ;                 Entry: DS:BX = Filename terminated with zero.
    47                                          ;                        ES:DI = Point to data target (512 bytes)
    48                                          ;                 Output: Carry flag = 0 = Successful. 1 = Error.
    49                                          ;                 Affects: All registers (including ES).
    50                                          ;      int 0x25   Delete file.
    51                                          ;                 Entry: DS:BX = Filename terminated with zero.
    52                                          ;                 Affects: All registers (including ES).
    53                                          ;
    54                                          ; 
    55                                          ; Filesystem organization:
    56                                          ;
    57                                          ;   bootOS uses tracks from 0 to 32, side 0, sector 1.
    58                                          ;
    59                                          ;   The directory is contained in track 0, side 0, sector 2.
    60                                          ;
    61                                          ;   Each entry in the directory is 16 bytes wide, and
    62                                          ;   contains the ASCII name of the file finished with a
    63                                          ;   zero byte. A sector has a capacity of 512 bytes, it
    64                                          ;   means only 32 files can be kept on a floppy disk.
    65                                          ;
    66                                          ;   Deleting a file is a matter of zeroing a whole entry.
    67                                          ;
    68                                          ;   Each file is one sector long. Its location in the
    69                                          ;   disk is derived from its position in the directory.
    70                                          ;
    71                                          ;   The 1st file is located at track 1, side 0, sector 1.
    72                                          ;   The 2nd file is located at track 2, side 0, sector 1.
    73                                          ;   The 32nd file is located at track 32, side 0, sector 1.
    74                                          ;
    75                                          ;
    76                                          ; Starting bootOS:
    77                                          ;
    78                                          ;   Just make sure to write it at the boot sector of a
    79                                          ;   floppy disk. It can work with any floppy disk size
    80                                          ;   (360K, 720K, 1.2MB and 1.44MB) and it will waste the
    81                                          ;   disk space as only uses the first two sectors of the
    82                                          ;   disk and then the first sector of each following
    83                                          ;   track.
    84                                          ;
    85                                          ;   For emulation make sure to deposit it at the start
    86                                          ;   of a .img file of 360K, 720K or 1440K. (at least
    87                                          ;   VirtualBox detects the type of disk by the length
    88                                          ;   of the image file)
    89                                          ;
    90                                          ;   For Mac OS X and Linux you can create a 360K image
    91                                          ;   in this way:
    92                                          ; 
    93                                          ;     dd if=/dev/zero of=oszero.img count=719 bs=512
    94                                          ;     cat os.img oszero.img >osbase.img
    95                                          ; 
    96                                          ;   Replace 719 with 1439 for 720K, or 2879 for 1.44M.
    97                                          ; 
    98                                          ;   Tested with VirtualBox for Mac OS X running Windows XP
    99                                          ;   running it, it also works with qemu:
   100                                          ; 
   101                                          ;     qemu-system-x86_64 -fda os.img
   102                                          ; 
   103                                          ; Running bootOS:
   104                                          ;
   105                                          ;   The first time you should enter the 'format' command,
   106                                          ;   so it initializes the directory. It also copies itself
   107                                          ;   again to the boot sector, this is useful to init new
   108                                          ;   disks.
   109                                          ;
   110                                          ; bootOS commands:
   111                                          ;
   112                                          ;   ver           Shows the version (none at the moment)
   113                                          ;   dir           Shows the directory's content.
   114                                          ;   del filename  Deletes the "filename" file.
   115                                          ;   format        As explained before.
   116                                          ;   enter         Allows to enter up to 512 hexadecimal
   117                                          ;                 bytes to create another file.
   118                                          ;
   119                                          ;                 Notice the line size is 128 characters so
   120                                          ;                 you must break the input into chunks of
   121                                          ;                 4, 8 or 16 bytes.
   122                                          ;
   123                                          ;                 It also allows to copy the last executed
   124                                          ;                 program just press Enter when the 'h' prompt
   125                                          ;                 appears and type the new name.
   126                                          ;
   127                                          ; For example: (Character + is Enter key)
   128                                          ;   
   129                                          ;   $enter+
   130                                          ;   hbb 17 7c 8a 07 84 c0 74 0c 53 b4 0e bb 0f 00 cd+
   131                                          ;   h10 5b 43 eb ee cd 20 48 65 6c 6c 6f 2c 20 77 6f+
   132                                          ;   h72 6c 64 0d 0a 00+
   133                                          ;   h+
   134                                          ;   *hello+
   135                                          ;   $dir+
   136                                          ;   hello
   137                                          ;   $hello+
   138                                          ;   Hello, world
   139                                          ;   $
   140                                          ;
   141                                          ; bootOS programs: (Oh yes! we have software support)
   142                                          ;
   143                                          ;   fbird         https://github.com/nanochess/fbird
   144                                          ;   Pillman       https://github.com/nanochess/pillman
   145                                          ;   invaders      https://github.com/nanochess/invaders
   146                                          ;   bootBASIC     https://github.com/nanochess/bootBASIC
   147                                          ;
   148                                          ; You can copy the machine code directly using the 'enter'
   149                                          ; command, or you can create a file with signature bytes
   150                                          ; with the same command and later copy the binary into the
   151                                          ; .img file using the signature bytes as a clue to locate
   152                                          ; the right position in the image file.
   153                                          ;
   154                                          ; Or you can find a pre-designed disk image along this Git
   155                                          ; with the name osall.img
   156                                          ;
   157                                  
   158                                  stack:  equ 0x7700      ; Stack pointer (grows to lower addresses)
   159                                  line:   equ 0x7780      ; Buffer for line input
   160                                  sector: equ 0x7800      ; Sector data for directory
   161                                  osbase: equ 0x7a00      ; bootOS location
   162                                  boot:   equ 0x7c00      ; Boot sector location  
   163                                  
   164                                  entry_size:     equ 16  ; Directory entry size
   165                                  sector_size:    equ 512 ; Sector size
   166                                  max_entries:    equ sector_size/entry_size
   167                                  
   168                                          ;
   169                                          ; Cold start of bootOS
   170                                          ;
   171                                          ; Notice it is loaded at 0x7c00 (boot) and needs to
   172                                          ; relocate itself to 0x7a00 (osbase), the instructions
   173                                          ; between 'start' and 'ver_command' shouldn't depend
   174                                          ; on the assembly location (osbase) because these
   175                                          ; are running at boot location (boot).
   176                                          ;
   177                                          org osbase
   178                                  start:
   179 00000000 31C0                            xor ax,ax       ; Set all segments to zero
   180 00000002 8ED8                            mov ds,ax
   181 00000004 8EC0                            mov es,ax
   182 00000006 8ED0                            mov ss,ax
   183 00000008 BC0077                          mov sp,stack    ; Set stack to guarantee data safety
   184                                  
   185 0000000B FC                              cld             ; Clear D flag.
   186 0000000C BE007C                          mov si,boot     ; Copy bootOS boot sector...
   187 0000000F BF007A                          mov di,osbase   ; ...into osbase
   188 00000012 B90002                          mov cx,sector_size
   189 00000015 F3A4                            rep movsb
   190                                  
   191 00000017 BE[F001]                        mov si,int_0x20 ; SI now points to int_0x20 
   192 0000001A BF8000                          mov di,0x0020*4 ; Address of service for int 0x20
   193 0000001D B106                            mov cl,6
   194                                  .load_vec:
   195 0000001F A5                              movsw           ; Copy IP address
   196 00000020 AB                              stosw           ; Copy CS address
   197 00000021 E2FC                            loop .load_vec
   198                                  
   199                                          ;
   200                                          ; 'ver' command
   201                                          ;
   202                                  ver_command:
   203 00000023 BE[C001]                        mov si,intro
   204 00000026 E84A01                          call output_string
   205 00000029 CD20                            int int_restart ; Restart bootOS
   206                                  
   207                                          ;
   208                                          ; Warm start of bootOS
   209                                          ;
   210                                  restart:
   211 0000002B FC                              cld             ; Clear D flag.
   212 0000002C 0E                              push cs         ; Reinit all segment registers
   213 0000002D 0E                              push cs
   214 0000002E 0E                              push cs
   215 0000002F 1F                              pop ds
   216 00000030 07                              pop es
   217 00000031 17                              pop ss
   218 00000032 BC0077                          mov sp,stack    ; Restart stack
   219                                  
   220 00000035 B024                            mov al,'$'      ; Command prompt
   221 00000037 E80A01                          call input_line ; Input line
   222                                  
   223 0000003A 803C00                          cmp byte [si],0x00  ; Empty line?
   224 0000003D 74EC                            je restart          ; Yes, get another line
   225                                  
   226 0000003F BF[CC01]                        mov di,commands ; Point to commands list
   227                                  
   228                                          ; Notice that filenames starting with same characters
   229                                          ; won't be recognized as such (so file dirab cannot be
   230                                          ; executed).
   231                                  os11:
   232 00000042 8A05                            mov al,[di]     ; Read length of command in chars
   233 00000044 47                              inc di
   234 00000045 25FF00                          and ax,0x00ff   ; Is it zero?
   235 00000048 7411                            je os12         ; Yes, jump
   236 0000004A 91                              xchg ax,cx
   237 0000004B 56                              push si         ; Save current position
   238 0000004C F3A6                            rep cmpsb       ; Compare statement
   239 0000004E 7504                            jne os14        ; Equal? No, jump
   240 00000050 FF15                            call word [di]  ; Call command process
   241 00000052 EBD7                            jmp restart     ; Go to expect another command
   242                                  
   243 00000054 01CF                    os14:   add di,cx       ; Advance the list pointer
   244 00000056 47                              inc di          ; Avoid the address
   245 00000057 47                              inc di
   246 00000058 5E                              pop si
   247 00000059 EBE7                            jmp os11        ; Compare another statement
   248                                  
   249 0000005B 89F3                    os12:   mov bx,si       ; Input pointer
   250 0000005D BF007C                          mov di,boot     ; Location to read data
   251 00000060 CD23                            int int_load_file       ; Load file
   252 00000062 7202                            jc os7          ; Jump if error
   253 00000064 FFE3                            jmp bx
   254                                  
   255                                          ;
   256                                          ; File not found error
   257                                          ;
   258                                  os7:
   259 00000066 BE[C701]                        mov si,error_message
   260 00000069 E80701                          call output_string
   261 0000006C CD20                            int int_restart ; Go to expect another command
   262                                  
   263                                          ;
   264                                          ; >> COMMAND <<
   265                                          ; del filename
   266                                          ;
   267                                  del_command:
   268                                  os22:
   269 0000006E 89F3                            mov bx,si       ; Copy SI (buffer pointer) to BX
   270 00000070 AC                              lodsb
   271 00000071 3C20                            cmp al,0x20     ; Avoid spaces
   272 00000073 74F9                            je os22
   273 00000075 CD25                            int int_delete_file
   274 00000077 72ED                            jc os7
   275 00000079 C3                              ret
   276                                  
   277                                          ;
   278                                          ; 'dir' command
   279                                          ;
   280                                  dir_command:
   281 0000007A E8A900                          call read_dir           ; Read the directory
   282 0000007D 89DF                            mov di,bx
   283                                  os18:
   284 0000007F 803D00                          cmp byte [di],0         ; Empty entry?
   285 00000082 7405                            je os17                 ; Yes, jump
   286 00000084 89FE                            mov si,di               ; Point to data
   287 00000086 E8EA00                          call output_string      ; Show name
   288 00000089 E88600                  os17:   call next_entry
   289 0000008C 75F1                            jne os18                ; No, jump
   290 0000008E C3                              ret                     ; Return
   291                                  
   292                                          ;
   293                                          ; >> COMMAND <<
   294                                          ; format
   295                                          ;
   296                                  format_command:
   297 0000008F B403                            mov ah,0x03     ; Copy bootOS onto first sector
   298 00000091 BB007A                          mov bx,osbase
   299 00000094 B90100                          mov cx,0x0001
   300 00000097 E89900                          call disk
   301 0000009A BF0078                          mov di,sector   ; Fill whole sector to zero
   302 0000009D B90002                          mov cx,sector_size
   303                                  write_zero_dir:
   304 000000A0 B000                            mov al,0
   305 000000A2 F3AA                            rep stosb
   306 000000A4 E98400                          jmp write_dir   ; Save it as directory
   307                                  
   308                                          ;
   309                                          ; Get filename length and prepare for directory lookup
   310                                          ; Entry:
   311                                          ;   si = pointer to string
   312                                          ; Output:
   313                                          ;   si = unaffected
   314                                          ;   di = pointer to start of directory
   315                                          ;   cx = length of filename including zero terminator
   316                                          ;
   317                                  filename_length:
   318 000000A7 56                              push si
   319 000000A8 31C9                            xor cx,cx       ; cx = 0
   320                                  .loop:
   321 000000AA AC                              lodsb           ; Read character.
   322 000000AB 41                              inc cx          ; Count character.
   323 000000AC 3C00                            cmp al,0        ; Is it zero (end character)?
   324 000000AE 75FA                            jne .loop       ; No, jump.
   325                                  
   326 000000B0 5E                              pop si
   327 000000B1 BF0078                          mov di,sector   ; Point to start of directory.
   328 000000B4 C3                              ret
   329                                          
   330                                          ;
   331                                          ; >> SERVICE <<
   332                                          ; Load file
   333                                          ;
   334                                          ; Entry:
   335                                          ;   ds:bx = Pointer to filename ended with zero byte.
   336                                          ;   es:di = Destination.
   337                                          ; Output:
   338                                          ;   Carry flag = Set = not found, clear = successful.
   339                                          ;
   340                                  load_file:
   341 000000B5 57                              push di         ; Save destination
   342 000000B6 06                              push es
   343 000000B7 E84000                          call find_file  ; Find the file (sanitizes ES)
   344 000000BA B402                            mov ah,0x02     ; Read sector
   345                                  os25:
   346 000000BC 07                              pop es
   347 000000BD 5B                              pop bx          ; Restore destination on BX
   348 000000BE 7203                            jc os24         ; Jump if error
   349 000000C0 E87000                          call disk       ; Do operation with disk
   350                                                          ; Carry guaranteed to be clear.
   351 000000C3 89E5                    os24:   mov bp,sp
   352 000000C5 D05604                          rcl byte [bp+4],1       ; Insert Carry flag in Flags (automatic usage of SS)
   353 000000C8 CF                              iret
   354                                  
   355                                          ;
   356                                          ; >> SERVICE <<
   357                                          ; Save file
   358                                          ;
   359                                          ; Entry:
   360                                          ;   ds:bx = Pointer to filename ended with zero byte.
   361                                          ;   es:di = Source.
   362                                          ; Output:
   363                                          ;   Carry flag = Set = error, clear = good.
   364                                          ;
   365                                  save_file:
   366 000000C9 57                              push di                 ; Save origin
   367 000000CA 06                              push es
   368 000000CB 53                              push bx                 ; Save filename pointer
   369 000000CC CD25                            int int_delete_file     ; Delete previous file (sanitizes ES)
   370 000000CE 5B                              pop bx                  ; Restore filename pointer
   371 000000CF E8D5FF                          call filename_length    ; Prepare for lookup
   372                                  
   373 000000D2 26803D00                .find:  es cmp byte [di],0      ; Found empty directory entry?
   374 000000D6 7407                            je .empty               ; Yes, jump and fill it.
   375 000000D8 E83700                          call next_entry
   376 000000DB 75F5                            jne .find
   377 000000DD EBDD                            jmp os25
   378                                  
   379 000000DF 57                      .empty: push di
   380 000000E0 F3A4                            rep movsb               ; Copy full name into directory
   381 000000E2 E84600                          call write_dir          ; Save directory
   382 000000E5 5F                              pop di
   383 000000E6 E83200                          call get_location       ; Get location of file
   384 000000E9 B403                            mov ah,0x03             ; Write sector
   385 000000EB EBCF                            jmp os25
   386                                  
   387                                          ;
   388                                          ; >> SERVICE <<
   389                                          ; Delete file
   390                                          ;
   391                                          ; Entry:
   392                                          ;   ds:bx = Pointer to filename ended with zero byte.
   393                                          ; Output:
   394                                          ;   Carry flag = Set = not found, clear = deleted.
   395                                          ;
   396                                  delete_file:
   397 000000ED E80A00                          call find_file          ; Find file (sanitizes ES)
   398 000000F0 7206                            jc os26                 ; If carry set then not found, jump.
   399 000000F2 B91000                          mov cx,entry_size
   400 000000F5 E8A8FF                          call write_zero_dir     ; Fill whole entry with zero. Write directory.
   401                                  os26:
   402 000000F8 EBC9                            jmp os24
   403                                  
   404                                          ;
   405                                          ; Find file
   406                                          ;
   407                                          ; Entry:
   408                                          ;   ds:bx = Pointer to filename ended with zero byte.
   409                                          ; Result:
   410                                          ;   es:di = Pointer to directory entry
   411                                          ;   Carry flag = Clear if found, set if not found.
   412                                  find_file:
   413 000000FA 53                              push bx
   414 000000FB E82800                          call read_dir   ; Read directory (sanitizes ES)
   415 000000FE 5E                              pop si
   416 000000FF E8A5FF                          call filename_length    ; Get filename length and setup DI
   417                                  os6:
   418 00000102 56                              push si
   419 00000103 57                              push di
   420 00000104 51                              push cx
   421 00000105 F3A6                            repe cmpsb      ; Compare name with entry
   422 00000107 59                              pop cx
   423 00000108 5F                              pop di
   424 00000109 5E                              pop si
   425 0000010A 740F                            je get_location ; Jump if equal.
   426 0000010C E80300                          call next_entry
   427 0000010F 75F1                            jne os6         ; No, jump
   428 00000111 C3                              ret             ; Return
   429                                  
   430                                  next_entry:
   431 00000112 83C710                          add di,entry_size               ; Go to next entry.
   432 00000115 81FF007A                        cmp di,sector+sector_size       ; Complete directory?
   433 00000119 F9                              stc                             ; Error, not found.
   434 0000011A C3                              ret
   435                                  
   436                                          ;
   437                                          ; Get location of file on disk
   438                                          ;
   439                                          ; Entry:
   440                                          ;   DI = Pointer to entry in directory.
   441                                          ;
   442                                          ; Result
   443                                          ;   CH = Track number in disk.
   444                                          ;   CL = Sector (always 0x01).
   445                                          ;
   446                                          ; The position of a file inside the disk depends on its
   447                                          ; position in the directory. The first entry goes to
   448                                          ; track 1, the second entry to track 2 and so.
   449                                          ;
   450                                  get_location:
   451 0000011B 8D851088                        lea ax,[di-(sector-entry_size)] ; Get entry pointer into directory
   452                                                          ; Plus one entry (files start on track 1)
   453 0000011F B104                            mov cl,4        ; 2^(8-4) = entry_size
   454 00000121 D3E0                            shl ax,cl       ; Shift left and clear Carry flag
   455 00000123 40                              inc ax          ; AL = Sector 1
   456 00000124 91                              xchg ax,cx      ; CH = Track, CL = Sector
   457 00000125 C3                              ret
   458                                  
   459                                          ;
   460                                          ; Read the directory from disk
   461                                          ;
   462                                  read_dir:
   463 00000126 0E                              push cs         ; bootOS code segment...
   464 00000127 07                              pop es          ; ...to sanitize ES register
   465 00000128 B402                            mov ah,0x02
   466 0000012A B9                              db 0xb9         ; jmp more_dir
   467                                                          ; but instead MOV CX, to jump over opcode
   468                                          ;
   469                                          ; Write the directory to disk
   470                                          ;
   471                                  write_dir:
   472 0000012B B403                            mov ah,0x03
   473 0000012D BB0078                          mov bx,sector
   474 00000130 B90200                          mov cx,0x0002
   475                                          ;
   476                                          ; Do disk operation.
   477                                          ;
   478                                          ; Input:
   479                                          ;   AH = 0x02 read disk, 0x03 write disk
   480                                          ;   ES:BX = data source/target
   481                                          ;   CH = Track number
   482                                          ;   CL = Sector number
   483                                          ;
   484                                  disk:
   485 00000133 50                              push ax
   486 00000134 53                              push bx
   487 00000135 51                              push cx
   488 00000136 06                              push es
   489 00000137 B001                            mov al,0x01     ; AL = 1 sector
   490 00000139 31D2                            xor dx,dx       ; DH = Drive A. DL = Head 0.
   491 0000013B CD13                            int 0x13
   492 0000013D 07                              pop es
   493 0000013E 59                              pop cx
   494 0000013F 5B                              pop bx
   495 00000140 58                              pop ax
   496 00000141 72F0                            jc disk
   497 00000143 C3                              ret
   498                                  
   499                                          ;
   500                                          ; Input line from keyboard
   501                                          ; Entry:
   502                                          ;   al = prompt character
   503                                          ; Result:
   504                                          ;   buffer 'line' contains line, finished with CR
   505                                          ;   SI points to 'line'.
   506                                          ;
   507                                  input_line:
   508 00000144 CD22                            int int_output_char ; Output prompt character
   509 00000146 BE8077                          mov si,line     ; Setup SI and DI to start of line buffer
   510 00000149 89F7                            mov di,si       ; Target for writing line
   511 0000014B 3C08                    os1:    cmp al,0x08     ; Backspace?
   512 0000014D 7502                            jne os2
   513 0000014F 4F                              dec di
   514 00000150 4F                              dec di
   515 00000151 CD21                    os2:    int int_input_key  ; Read keyboard
   516 00000153 3C0D                            cmp al,0x0d     ; CR pressed?
   517 00000155 7502                            jne os10
   518 00000157 B000                            mov al,0x00
   519 00000159 AA                      os10:   stosb           ; Save key in buffer
   520 0000015A 75EF                            jne os1         ; No, wait another key
   521 0000015C C3                              ret             ; Yes, return
   522                                  
   523                                          ;
   524                                          ; Read a key into al
   525                                          ; Also outputs it to screen
   526                                          ;
   527                                  input_key:
   528 0000015D B400                            mov ah,0x00
   529 0000015F CD16                            int 0x16
   530                                          ;
   531                                          ; Screen output of character contained in al
   532                                          ; Expands 0x0d (CR) into 0x0a 0x0d (LF CR)
   533                                          ;
   534                                  output_char:
   535 00000161 3C0D                            cmp al,0x0d
   536 00000163 7506                            jne os3
   537 00000165 B00A                            mov al,0x0a
   538 00000167 CD22                            int int_output_char
   539 00000169 B00D                            mov al,0x0d
   540                                  os3:
   541 0000016B B40E                            mov ah,0x0e     ; Output character to TTY
   542 0000016D BB0700                          mov bx,0x0007   ; Gray. Required for graphic modes
   543 00000170 CD10                            int 0x10        ; BIOS int 0x10 = Video
   544 00000172 CF                              iret
   545                                  
   546                                          ;
   547                                          ; Output string
   548                                          ;
   549                                          ; Entry:
   550                                          ;   SI = address
   551                                          ;
   552                                          ; Implementation:
   553                                          ;   It supposes that SI never points to a zero length string.
   554                                          ;
   555                                  output_string:
   556 00000173 AC                              lodsb                   ; Read character
   557 00000174 CD22                            int int_output_char     ; Output to screen
   558 00000176 3C00                            cmp al,0x00             ; Is it 0x00 (terminator)?
   559 00000178 75F9                            jne output_string       ; No, the loop continues
   560 0000017A B00D                            mov al,0x0d
   561 0000017C CD22                            int int_output_char
   562 0000017E C3                              ret
   563                                  
   564                                          ;
   565                                          ; 'enter' command
   566                                          ;
   567                                  enter_command:
   568 0000017F BF007C                          mov di,boot             ; Point to boot sector
   569 00000182 57                      os23:   push di
   570 00000183 B068                            mov al,'h'              ; Prompt character
   571 00000185 E8BCFF                          call input_line         ; Input line
   572 00000188 5F                              pop di
   573 00000189 803C00                          cmp byte [si],0         ; Empty line?
   574 0000018C 7412                            je os20                 ; Yes, jump
   575 0000018E E81C00                  os19:   call xdigit             ; Get a hexadecimal digit
   576 00000191 73EF                            jnc os23
   577 00000193 B104                            mov cl,4
   578 00000195 D2E0                            shl al,cl
   579 00000197 91                              xchg ax,cx
   580 00000198 E81200                          call xdigit             ; Get a hexadecimal digit
   581 0000019B 08C8                            or al,cl
   582 0000019D AA                              stosb                   ; Write one byte
   583 0000019E EBEE                            jmp os19                ; Repeat loop to complete line
   584                                  os20:        
   585 000001A0 B02A                            mov al,'*'              ; Prompt character
   586 000001A2 E89FFF                          call input_line         ; Input line with filename
   587 000001A5 56                              push si
   588 000001A6 5B                              pop bx
   589 000001A7 BF007C                          mov di,boot             ; Point to data entered
   590 000001AA CD24                            int int_save_file       ; Save new file
   591 000001AC C3                              ret
   592                                  
   593                                          ;
   594                                          ; Convert ASCII letter to hexadecimal digit
   595                                          ;
   596                                  xdigit:
   597 000001AD AC                              lodsb
   598 000001AE 3C00                            cmp al,0x00             ; Zero character marks end of line
   599 000001B0 740D                            je os15
   600 000001B2 2C30                            sub al,0x30             ; Avoid spaces (anything below ASCII 0x30)
   601 000001B4 72F7                            jc xdigit
   602 000001B6 3C0A                            cmp al,0x0a
   603 000001B8 7205                            jc os15
   604 000001BA 2C07                            sub al,0x07
   605 000001BC 240F                            and al,0x0f
   606 000001BE F9                              stc
   607                                  os15:
   608 000001BF C3                              ret
   609                                  
   610                                          ;
   611                                          ; Our amazing presentation line
   612                                          ;
   613                                  intro:
   614 000001C0 626F6F744F5300                  db "bootOS",0
   615                                  
   616                                  error_message:
   617 000001C7 4F6F707300                      db "Oops",0
   618                                  
   619                                          ;
   620                                          ; Commands supported by bootOS
   621                                          ;
   622                                  commands:
   623 000001CC 03646972                        db 3,"dir"
   624 000001D0 [7A00]                          dw dir_command
   625 000001D2 06666F726D6174                  db 6,"format"
   626 000001D9 [8F00]                          dw format_command
   627 000001DB 05656E746572                    db 5,"enter"
   628 000001E1 [7F01]                          dw enter_command
   629 000001E3 0364656C                        db 3,"del"
   630 000001E7 [6E00]                          dw del_command
   631 000001E9 03766572                        db 3,"ver"
   632 000001ED [2300]                          dw ver_command
   633 000001EF 00                              db 0
   634                                  
   635                                  int_restart:            equ 0x20
   636                                  int_input_key:          equ 0x21
   637                                  int_output_char:        equ 0x22
   638                                  int_load_file:          equ 0x23
   639                                  int_save_file:          equ 0x24
   640                                  int_delete_file:        equ 0x25
   641                                  
   642                                  int_0x20:
   643 000001F0 [2B00]                          dw restart          ; int 0x20
   644 000001F2 [5D01]                          dw input_key        ; int 0x21
   645 000001F4 [6101]                          dw output_char      ; int 0x22
   646 000001F6 [B500]                          dw load_file        ; int 0x23
   647 000001F8 [C900]                          dw save_file        ; int 0x24
   648 000001FA [ED00]                          dw delete_file      ; int 0x25
   649                                  
   650 000001FC 4F<rept>                        times 510-($-$$) db 0x4f
   651 000001FE 55AA                            db 0x55,0xaa            ; Make it a bootable sector
